<?xml version="1.0" encoding="UTF-8"?>
<testsuite name="weather.WeatherQueriesTest" tests="1" skipped="0" failures="0" errors="0" timestamp="2020-03-27T23:10:26" hostname="LAPTOP-LFE4BD4S" time="0.007">
  <properties/>
  <testcase name="maxTemperatureBetweenDatesInALocationTest" classname="weather.WeatherQueriesTest" time="0.007"/>
  <system-out><![CDATA[1
2
3
]]></system-out>
  <system-err><![CDATA[]]></system-err>
</testsuite>
