<?xml version="1.0" encoding="UTF-8"?>
<testsuite name="queries.QueriesLazyTest" tests="5" skipped="0" failures="0" errors="0" timestamp="2020-04-01T00:04:52" hostname="LAPTOP-LFE4BD4S" time="0.019">
  <properties/>
  <testcase name="predicateIteratorTest" classname="queries.QueriesLazyTest" time="0.008"/>
  <testcase name="limitIteratorTest" classname="queries.QueriesLazyTest" time="0.003"/>
  <testcase name="skipIteratorTest" classname="queries.QueriesLazyTest" time="0.003"/>
  <testcase name="mapIteratorTest" classname="queries.QueriesLazyTest" time="0.003"/>
  <testcase name="predicateAndMapAndLimitIteratorsTest" classname="queries.QueriesLazyTest" time="0.002"/>
  <system-out><![CDATA[]]></system-out>
  <system-err><![CDATA[]]></system-err>
</testsuite>
